c:\users\user\source\repos\project430\project430\x64\debug\vc141.pdb
c:\users\user\source\repos\project430\project430\x64\debug\vc141.idb
c:\users\user\source\repos\project430\project430\x64\debug\source.obj
c:\users\user\source\repos\project430\project430\x64\debug\supp.obj
c:\users\user\desktop\project430\project430\x64\debug\vc141.pdb
c:\users\user\desktop\project430\project430\x64\debug\vc141.idb
c:\users\user\desktop\project430\project430\x64\debug\supp.obj
c:\users\user\desktop\project430\project430\x64\debug\source.obj
c:\users\user\source\repos\project430\x64\debug\project430.exe
c:\users\user\source\repos\project430\x64\debug\project430.ilk
c:\users\user\source\repos\project430\x64\debug\project430.pdb
c:\users\user\desktop\project430\x64\debug\project430.exe
c:\users\user\desktop\project430\x64\debug\project430.ilk
c:\users\user\desktop\project430\x64\debug\project430.pdb
c:\users\user\desktop\project430\project430\x64\debug\source.obj.enc
c:\users\user\desktop\project430\project430\x64\debug\project430.tlog\cl.command.1.tlog
c:\users\user\desktop\project430\project430\x64\debug\project430.tlog\cl.read.1.tlog
c:\users\user\desktop\project430\project430\x64\debug\project430.tlog\cl.write.1.tlog
c:\users\user\desktop\project430\project430\x64\debug\project430.tlog\link.command.1.tlog
c:\users\user\desktop\project430\project430\x64\debug\project430.tlog\link.read.1.tlog
c:\users\user\desktop\project430\project430\x64\debug\project430.tlog\link.write.1.tlog
